nan,nan,nan,4.53e+01,4.00e+01,nan,2.53e+01,nan,nan,nan,nan,nan,nan,-5.03e+01,nan,nan,nan,nan,nan,nan,nan,1.00e+00
nan,nan,nan,1.18e+01,-6.01e+00,nan,nan,nan,nan,nan,nan,nan,nan,nan,nan,nan,nan,5.00e+01,nan,nan,nan,1.00e+00
nan,nan,nan,nan,nan,8.86e-01,nan,nan,nan,nan,nan,nan,nan,nan,nan,nan,nan,-4.47e+01,nan,nan,nan,1.00e+00
nan,nan,nan,nan,nan,nan,nan,1.00e+00,1.00e+00,1.00e+00,nan,nan,1.00e+00,1.00e+00,nan,nan,nan,1.00e+00,nan,1.00e+00,7.43e+00,1.00e+00
nan,nan,nan,nan,nan,nan,nan,nan,nan,nan,nan,nan,nan,1.00e+00,nan,nan,nan,nan,1.00e+00,1.00e+00,nan,6.00e+00
nan,nan,nan,nan,nan,nan,nan,nan,nan,nan,1.00e+00,nan,nan,nan,nan,nan,nan,nan,nan,nan,-1.63e+01,8.00e+00
nan,nan,nan,nan,nan,nan,nan,nan,nan,nan,nan,1.00e+00,nan,nan,nan,nan,nan,nan,nan,nan,nan,5.00e+00
nan,nan,nan,nan,nan,nan,nan,nan,nan,nan,nan,nan,nan,nan,nan,nan,nan,1.00e+00,nan,nan,nan,5.00e+00
nan,nan,nan,nan,nan,nan,nan,nan,nan,nan,nan,nan,1.00e+00,nan,nan,nan,nan,nan,nan,nan,nan,1.10e+01
nan,nan,nan,nan,nan,nan,nan,nan,nan,nan,nan,nan,nan,nan,nan,nan,nan,nan,nan,1.00e+00,nan,9.00e+00
nan,nan,nan,nan,nan,nan,nan,nan,nan,nan,nan,nan,nan,1.00e+00,nan,nan,nan,nan,nan,1.00e+00,-2.69e+01,1.10e+01
nan,nan,nan,nan,nan,nan,nan,nan,nan,nan,nan,nan,nan,nan,nan,nan,nan,nan,nan,1.00e+00,nan,8.00e+00
nan,nan,nan,nan,nan,nan,nan,nan,nan,nan,nan,nan,nan,nan,1.00e+00,nan,1.00e+00,nan,1.00e+00,1.00e+00,nan,7.00e+00
nan,nan,nan,nan,nan,nan,nan,nan,nan,nan,nan,nan,nan,nan,nan,1.00e+00,nan,1.00e+00,nan,nan,-1.71e+01,9.00e+00
nan,nan,nan,nan,nan,nan,nan,nan,nan,nan,nan,nan,nan,nan,nan,nan,1.00e+00,nan,nan,nan,-3.00e+01,9.00e+00
nan,nan,nan,nan,nan,nan,nan,nan,nan,nan,nan,nan,nan,nan,nan,nan,nan,1.00e+00,nan,nan,nan,1.10e+01
nan,nan,nan,nan,nan,nan,nan,nan,nan,nan,nan,nan,nan,nan,nan,nan,nan,nan,1.00e+00,nan,-1.26e+01,9.00e+00
nan,nan,nan,nan,nan,nan,nan,nan,nan,nan,nan,nan,nan,nan,nan,nan,nan,nan,nan,1.00e+00,nan,6.00e+00
nan,nan,nan,nan,nan,nan,nan,nan,nan,nan,nan,nan,nan,nan,nan,nan,nan,nan,nan,1.00e+00,nan,8.00e+00
nan,nan,nan,nan,nan,nan,nan,nan,nan,nan,nan,nan,nan,nan,nan,nan,nan,nan,nan,nan,-1.45e+01,6.00e+00
nan,nan,nan,nan,nan,nan,nan,nan,nan,nan,nan,nan,nan,nan,nan,nan,nan,nan,nan,nan,nan,1.00e+00
